[    10.453] (--) Log file renamed from "/home/kiit/.local/share/xorg/Xorg.pid-922.log" to "/home/kiit/.local/share/xorg/Xorg.0.log"
[    10.454] 
X.Org X Server 1.20.8
X Protocol Version 11, Revision 0
[    10.455] Build Operating System: Linux 4.15.0-124-generic x86_64 Ubuntu
[    10.455] Current Operating System: Linux kiit-VirtualBox 5.4.0-42-generic #46-Ubuntu SMP Fri Jul 10 00:24:02 UTC 2020 x86_64
[    10.455] Kernel command line: BOOT_IMAGE=/boot/vmlinuz-5.4.0-42-generic root=UUID=7e3239d7-88fe-440d-a8e5-8f3ebf5220b5 ro quiet splash
[    10.455] Build Date: 30 November 2020  05:56:33PM
[    10.455] xorg-server 2:1.20.8-2ubuntu2.6 (For technical support please see http://www.ubuntu.com/support) 
[    10.455] Current version of pixman: 0.38.4
[    10.455] 	Before reporting problems, check http://wiki.x.org
	to make sure that you have the latest version.
[    10.455] Markers: (--) probed, (**) from config file, (==) default setting,
	(++) from command line, (!!) notice, (II) informational,
	(WW) warning, (EE) error, (NI) not implemented, (??) unknown.
[    10.456] (==) Log file: "/home/kiit/.local/share/xorg/Xorg.0.log", Time: Wed Jan 27 10:25:56 2021
[    10.458] (==) Using system config directory "/usr/share/X11/xorg.conf.d"
[    10.462] (==) No Layout section.  Using the first Screen section.
[    10.462] (==) No screen section available. Using defaults.
[    10.462] (**) |-->Screen "Default Screen Section" (0)
[    10.462] (**) |   |-->Monitor "<default monitor>"
[    10.471] (==) No monitor specified for screen "Default Screen Section".
	Using a default monitor configuration.
[    10.472] (==) Automatically adding devices
[    10.472] (==) Automatically enabling devices
[    10.472] (==) Automatically adding GPU devices
[    10.472] (==) Automatically binding GPU devices
[    10.473] (==) Max clients allowed: 256, resource mask: 0x1fffff
[    10.476] (WW) The directory "/usr/share/fonts/X11/cyrillic" does not exist.
[    10.476] 	Entry deleted from font path.
[    10.476] (WW) The directory "/usr/share/fonts/X11/100dpi/" does not exist.
[    10.476] 	Entry deleted from font path.
[    10.477] (WW) The directory "/usr/share/fonts/X11/75dpi/" does not exist.
[    10.477] 	Entry deleted from font path.
[    10.477] (WW) The directory "/usr/share/fonts/X11/100dpi" does not exist.
[    10.477] 	Entry deleted from font path.
[    10.477] (WW) The directory "/usr/share/fonts/X11/75dpi" does not exist.
[    10.477] 	Entry deleted from font path.
[    10.477] (==) FontPath set to:
	/usr/share/fonts/X11/misc,
	/usr/share/fonts/X11/Type1,
	built-ins
[    10.477] (==) ModulePath set to "/usr/lib/xorg/modules"
[    10.477] (II) The server relies on udev to provide the list of input devices.
	If no devices become available, reconfigure udev or disable AutoAddDevices.
[    10.477] (II) Loader magic: 0x55acb53ef020
[    10.477] (II) Module ABI versions:
[    10.477] 	X.Org ANSI C Emulation: 0.4
[    10.477] 	X.Org Video Driver: 24.1
[    10.477] 	X.Org XInput driver : 24.1
[    10.477] 	X.Org Server Extension : 10.0
[    10.480] (++) using VT number 2

[    10.485] (II) systemd-logind: took control of session /org/freedesktop/login1/session/_31
[    10.487] (II) xfree86: Adding drm device (/dev/dri/card0)
[    10.490] (II) systemd-logind: got fd for /dev/dri/card0 226:0 fd 12 paused 0
[    10.511] (--) PCI:*(0@0:2:0) 15ad:0405:15ad:0405 rev 0, Mem @ 0xf0000000/16777216, 0xf1000000/2097152, I/O @ 0x0000d010/16, BIOS @ 0x????????/131072
[    10.519] (II) LoadModule: "glx"
[    10.531] (II) Loading /usr/lib/xorg/modules/extensions/libglx.so
[    10.552] (II) Module glx: vendor="X.Org Foundation"
[    10.552] 	compiled for 1.20.8, module version = 1.0.0
[    10.552] 	ABI class: X.Org Server Extension, version 10.0
[    10.552] (==) Matched vmware as autoconfigured driver 0
[    10.552] (==) Matched modesetting as autoconfigured driver 1
[    10.552] (==) Matched fbdev as autoconfigured driver 2
[    10.552] (==) Matched vesa as autoconfigured driver 3
[    10.552] (==) Assigned the driver to the xf86ConfigLayout
[    10.552] (II) LoadModule: "vmware"
[    10.553] (II) Loading /usr/lib/xorg/modules/drivers/vmware_drv.so
[    11.061] (II) Module vmware: vendor="X.Org Foundation"
[    11.061] 	compiled for 1.20.8, module version = 13.3.0
[    11.061] 	Module class: X.Org Video Driver
[    11.061] 	ABI class: X.Org Video Driver, version 24.1
[    11.061] (II) LoadModule: "modesetting"
[    11.062] (II) Loading /usr/lib/xorg/modules/drivers/modesetting_drv.so
[    11.067] (II) Module modesetting: vendor="X.Org Foundation"
[    11.067] 	compiled for 1.20.8, module version = 1.20.8
[    11.067] 	Module class: X.Org Video Driver
[    11.068] 	ABI class: X.Org Video Driver, version 24.1
[    11.068] (II) LoadModule: "fbdev"
[    11.068] (II) Loading /usr/lib/xorg/modules/drivers/fbdev_drv.so
[    11.074] (II) Module fbdev: vendor="X.Org Foundation"
[    11.074] 	compiled for 1.20.1, module version = 0.5.0
[    11.074] 	Module class: X.Org Video Driver
[    11.074] 	ABI class: X.Org Video Driver, version 24.0
[    11.074] (II) LoadModule: "vesa"
[    11.076] (II) Loading /usr/lib/xorg/modules/drivers/vesa_drv.so
[    11.081] (II) Module vesa: vendor="X.Org Foundation"
[    11.081] 	compiled for 1.20.4, module version = 2.4.0
[    11.081] 	Module class: X.Org Video Driver
[    11.081] 	ABI class: X.Org Video Driver, version 24.0
[    11.081] (II) vmware: driver for VMware SVGA: vmware0405, vmware0710
[    11.081] (II) modesetting: Driver for Modesetting Kernel Drivers: kms
[    11.082] (II) FBDEV: driver for framebuffer: fbdev
[    11.082] (II) VESA: driver for VESA chipsets: vesa
[    11.082] xf86EnableIOPorts: failed to set IOPL for I/O (Operation not permitted)
[    11.082] (WW) Falling back to old probe method for modesetting
[    11.082] (WW) Falling back to old probe method for fbdev
[    11.082] (II) Loading sub module "fbdevhw"
[    11.082] (II) LoadModule: "fbdevhw"
[    11.084] (II) Loading /usr/lib/xorg/modules/libfbdevhw.so
[    11.086] (II) Module fbdevhw: vendor="X.Org Foundation"
[    11.086] 	compiled for 1.20.8, module version = 0.0.2
[    11.086] 	ABI class: X.Org Video Driver, version 24.1
[    11.086] (EE) open /dev/fb0: Permission denied
[    11.086] (WW) VGA arbiter: cannot open kernel arbiter, no multi-card support
[    11.086] (II) vmware(0): Creating default Display subsection in Screen section
	"Default Screen Section" for depth/fbbpp 24/32
[    11.087] (--) vmware(0): DRM driver version is 2.15.0
[    11.087] (==) vmware(0): Depth 24, (--) framebuffer bpp 32
[    11.087] (==) vmware(0): RGB weight 888
[    11.087] (==) vmware(0): Default visual is TrueColor
[    11.087] (--) vmware(0): Min width 1, Max Width 8192.
[    11.087] (--) vmware(0): Min height 1, Max Height 8192.
[    11.087] (II) vmware(0): Output Virtual1 has no monitor section
[    11.087] (II) vmware(0): Output Virtual2 has no monitor section
[    11.087] (II) vmware(0): Output Virtual3 has no monitor section
[    11.087] (II) vmware(0): Output Virtual4 has no monitor section
[    11.087] (II) vmware(0): Output Virtual5 has no monitor section
[    11.087] (II) vmware(0): Output Virtual6 has no monitor section
[    11.087] (II) vmware(0): Output Virtual7 has no monitor section
[    11.087] (II) vmware(0): Output Virtual8 has no monitor section
[    11.087] (II) vmware(0): Printing probed modes for output Virtual1
[    11.087] (II) vmware(0): Modeline "800x600"x60.0   42.75  800 850 900 950  600 650 700 750 -hsync +vsync (45.0 kHz eP)
[    11.087] (II) vmware(0): Modeline "2560x1600"x60.0  348.50  2560 2752 3032 3504  1600 1603 1609 1658 -hsync +vsync (99.5 kHz e)
[    11.087] (II) vmware(0): Modeline "1920x1440"x60.0  234.00  1920 2048 2256 2600  1440 1441 1444 1500 -hsync +vsync (90.0 kHz e)
[    11.087] (II) vmware(0): Modeline "1856x1392"x60.0  218.25  1856 1952 2176 2528  1392 1393 1396 1439 -hsync +vsync (86.3 kHz e)
[    11.087] (II) vmware(0): Modeline "1792x1344"x60.0  204.75  1792 1920 2120 2448  1344 1345 1348 1394 -hsync +vsync (83.6 kHz e)
[    11.087] (II) vmware(0): Modeline "1920x1200"x59.9  193.25  1920 2056 2256 2592  1200 1203 1209 1245 -hsync +vsync (74.6 kHz e)
[    11.087] (II) vmware(0): Modeline "1600x1200"x60.0  162.00  1600 1664 1856 2160  1200 1201 1204 1250 +hsync +vsync (75.0 kHz e)
[    11.087] (II) vmware(0): Modeline "1680x1050"x60.0  146.25  1680 1784 1960 2240  1050 1053 1059 1089 -hsync +vsync (65.3 kHz e)
[    11.087] (II) vmware(0): Modeline "1400x1050"x60.0  121.75  1400 1488 1632 1864  1050 1053 1057 1089 -hsync +vsync (65.3 kHz e)
[    11.087] (II) vmware(0): Modeline "1280x1024"x60.0  108.00  1280 1328 1440 1688  1024 1025 1028 1066 +hsync +vsync (64.0 kHz e)
[    11.087] (II) vmware(0): Modeline "1440x900"x59.9  106.50  1440 1520 1672 1904  900 903 909 934 -hsync +vsync (55.9 kHz e)
[    11.087] (II) vmware(0): Modeline "1280x960"x60.0  108.00  1280 1376 1488 1800  960 961 964 1000 +hsync +vsync (60.0 kHz e)
[    11.087] (II) vmware(0): Modeline "1360x768"x60.0   85.50  1360 1424 1536 1792  768 771 777 795 +hsync +vsync (47.7 kHz e)
[    11.087] (II) vmware(0): Modeline "1280x800"x59.8   83.50  1280 1352 1480 1680  800 803 809 831 +hsync -vsync (49.7 kHz e)
[    11.087] (II) vmware(0): Modeline "1152x864"x75.0  108.00  1152 1216 1344 1600  864 865 868 900 +hsync +vsync (67.5 kHz e)
[    11.087] (II) vmware(0): Modeline "1280x768"x59.9   79.50  1280 1344 1472 1664  768 771 778 798 -hsync +vsync (47.8 kHz e)
[    11.088] (II) vmware(0): Modeline "1024x768"x60.0   65.00  1024 1048 1184 1344  768 771 777 806 -hsync -vsync (48.4 kHz e)
[    11.088] (II) vmware(0): Modeline "800x600"x60.3   40.00  800 840 968 1056  600 601 605 628 +hsync +vsync (37.9 kHz e)
[    11.088] (II) vmware(0): Modeline "640x480"x59.9   25.18  640 656 752 800  480 489 492 525 -hsync -vsync (31.5 kHz e)
[    11.088] (II) vmware(0): EDID for output Virtual2
[    11.088] (II) vmware(0): EDID for output Virtual3
[    11.088] (II) vmware(0): EDID for output Virtual4
[    11.088] (II) vmware(0): EDID for output Virtual5
[    11.088] (II) vmware(0): EDID for output Virtual6
[    11.088] (II) vmware(0): EDID for output Virtual7
[    11.088] (II) vmware(0): EDID for output Virtual8
[    11.088] (II) vmware(0): Output Virtual1 connected
[    11.088] (II) vmware(0): Output Virtual2 disconnected
[    11.088] (II) vmware(0): Output Virtual3 disconnected
[    11.088] (II) vmware(0): Output Virtual4 disconnected
[    11.088] (II) vmware(0): Output Virtual5 disconnected
[    11.088] (II) vmware(0): Output Virtual6 disconnected
[    11.088] (II) vmware(0): Output Virtual7 disconnected
[    11.088] (II) vmware(0): Output Virtual8 disconnected
[    11.091] (II) vmware(0): Using exact sizes for initial modes
[    11.091] (II) vmware(0): Output Virtual1 using initial mode 800x600 +0+0
[    11.091] (==) vmware(0): DPI set to (96, 96)
[    11.091] (==) vmware(0): Using gamma correction (1.0, 1.0, 1.0)
[    11.091] (II) Loading sub module "fb"
[    11.091] (II) LoadModule: "fb"
[    11.091] (II) Loading /usr/lib/xorg/modules/libfb.so
[    11.098] (II) Module fb: vendor="X.Org Foundation"
[    11.098] 	compiled for 1.20.8, module version = 1.0.0
[    11.098] 	ABI class: X.Org ANSI C Emulation, version 0.4
[    11.098] (II) Loading sub module "dri2"
[    11.098] (II) LoadModule: "dri2"
[    11.098] (II) Module "dri2" already built-in
[    11.098] (II) Loading sub module "dri3"
[    11.098] (II) LoadModule: "dri3"
[    11.098] (II) Module "dri3" already built-in
[    11.098] (II) UnloadModule: "modesetting"
[    11.098] (II) Unloading modesetting
[    11.099] (II) UnloadModule: "fbdev"
[    11.099] (II) Unloading fbdev
[    11.099] (II) UnloadSubModule: "fbdevhw"
[    11.099] (II) Unloading fbdevhw
[    11.099] (II) UnloadModule: "vesa"
[    11.099] (II) Unloading vesa
[    11.101] (II) vmware(0): Initialized VMWARE_CTRL extension version 0.2
[    11.150] (WW) vmware(0): Failed to initialize Gallium3D Xa. No render acceleration available.
[    11.150] (WW) vmware(0): Skipped initialization of direct rendering due to lack of render acceleration.
[    11.150] (--) vmware(0): Render acceleration is disabled.
[    11.150] (==) vmware(0): Rendercheck mode is disabled.
[    11.150] (--) vmware(0): Direct rendering (DRI2 3D) is disabled.
[    11.150] (--) vmware(0): Direct rendering (DRI3 3D) is disabled.
[    11.150] (==) vmware(0): Backing store enabled
[    11.150] (==) vmware(0): Silken mouse enabled
[    11.154] (==) vmware(0): DPMS enabled
[    11.154] (II) vmware(0): No 3D acceleration. Not setting up textured video.
[    11.154] (WW) vmware(0): Disabling Xv because no adaptors could be initialized.
[    11.154] (II) Initializing extension Generic Event Extension
[    11.154] (II) Initializing extension SHAPE
[    11.155] (II) Initializing extension MIT-SHM
[    11.155] (II) Initializing extension XInputExtension
[    11.156] (II) Initializing extension XTEST
[    11.156] (II) Initializing extension BIG-REQUESTS
[    11.156] (II) Initializing extension SYNC
[    11.158] (II) Initializing extension XKEYBOARD
[    11.159] (II) Initializing extension XC-MISC
[    11.159] (II) Initializing extension SECURITY
[    11.159] (II) Initializing extension XFIXES
[    11.160] (II) Initializing extension RENDER
[    11.160] (II) Initializing extension RANDR
[    11.161] (II) Initializing extension COMPOSITE
[    11.162] (II) Initializing extension DAMAGE
[    11.162] (II) Initializing extension MIT-SCREEN-SAVER
[    11.167] (II) Initializing extension DOUBLE-BUFFER
[    11.172] (II) Initializing extension RECORD
[    11.172] (II) Initializing extension DPMS
[    11.176] (II) Initializing extension Present
[    11.176] (II) Initializing extension DRI3
[    11.176] (II) Initializing extension X-Resource
[    11.177] (II) Initializing extension XVideo
[    11.177] (II) Initializing extension XVideo-MotionCompensation
[    11.178] (II) Initializing extension SELinux
[    11.178] (II) SELinux: Disabled on system
[    11.178] (II) Initializing extension GLX
[    11.179] (II) AIGLX: Screen 0 is not DRI2 capable
[    11.333] (II) IGLX: Loaded and initialized swrast
[    11.333] (II) GLX: Initialized DRISWRAST GL provider for screen 0
[    11.333] (II) Initializing extension XFree86-VidModeExtension
[    11.333] (II) Initializing extension XFree86-DGA
[    11.333] (II) Initializing extension XFree86-DRI
[    11.333] (II) Initializing extension DRI2
[    11.870] (II) vmware(0): Setting screen physical size to 211 x 158
[    12.057] (II) config/udev: Adding input device Power Button (/dev/input/event0)
[    12.057] (**) Power Button: Applying InputClass "libinput keyboard catchall"
[    12.058] (II) LoadModule: "libinput"
[    12.060] (II) Loading /usr/lib/xorg/modules/input/libinput_drv.so
[    12.075] (II) Module libinput: vendor="X.Org Foundation"
[    12.075] 	compiled for 1.20.4, module version = 0.29.0
[    12.075] 	Module class: X.Org XInput Driver
[    12.075] 	ABI class: X.Org XInput driver, version 24.1
[    12.075] (II) Using input driver 'libinput' for 'Power Button'
[    12.078] (II) systemd-logind: got fd for /dev/input/event0 13:64 fd 20 paused 0
[    12.078] (**) Power Button: always reports core events
[    12.078] (**) Option "Device" "/dev/input/event0"
[    12.078] (**) Option "_source" "server/udev"
[    12.123] (II) event0  - Power Button: is tagged by udev as: Keyboard
[    12.123] (II) event0  - Power Button: device is a keyboard
[    12.123] (II) event0  - Power Button: device removed
[    12.123] (**) Option "config_info" "udev:/sys/devices/LNXSYSTM:00/LNXPWRBN:00/input/input0/event0"
[    12.123] (II) XINPUT: Adding extended input device "Power Button" (type: KEYBOARD, id 6)
[    12.123] (**) Option "xkb_model" "pc105"
[    12.124] (**) Option "xkb_layout" "us"
[    12.125] (II) event0  - Power Button: is tagged by udev as: Keyboard
[    12.125] (II) event0  - Power Button: device is a keyboard
[    12.127] (II) config/udev: Adding input device Sleep Button (/dev/input/event1)
[    12.128] (**) Sleep Button: Applying InputClass "libinput keyboard catchall"
[    12.128] (II) Using input driver 'libinput' for 'Sleep Button'
[    12.132] (II) systemd-logind: got fd for /dev/input/event1 13:65 fd 23 paused 0
[    12.132] (**) Sleep Button: always reports core events
[    12.132] (**) Option "Device" "/dev/input/event1"
[    12.132] (**) Option "_source" "server/udev"
[    12.134] (II) event1  - Sleep Button: is tagged by udev as: Keyboard
[    12.134] (II) event1  - Sleep Button: device is a keyboard
[    12.135] (II) event1  - Sleep Button: device removed
[    12.135] (**) Option "config_info" "udev:/sys/devices/LNXSYSTM:00/LNXSLPBN:00/input/input1/event1"
[    12.135] (II) XINPUT: Adding extended input device "Sleep Button" (type: KEYBOARD, id 7)
[    12.135] (**) Option "xkb_model" "pc105"
[    12.135] (**) Option "xkb_layout" "us"
[    12.137] (II) event1  - Sleep Button: is tagged by udev as: Keyboard
[    12.137] (II) event1  - Sleep Button: device is a keyboard
[    12.141] (II) config/udev: Adding input device Video Bus (/dev/input/event3)
[    12.142] (**) Video Bus: Applying InputClass "libinput keyboard catchall"
[    12.142] (II) Using input driver 'libinput' for 'Video Bus'
[    12.144] (II) systemd-logind: got fd for /dev/input/event3 13:67 fd 24 paused 0
[    12.144] (**) Video Bus: always reports core events
[    12.144] (**) Option "Device" "/dev/input/event3"
[    12.144] (**) Option "_source" "server/udev"
[    12.145] (II) event3  - Video Bus: is tagged by udev as: Keyboard
[    12.145] (II) event3  - Video Bus: device is a keyboard
[    12.145] (II) event3  - Video Bus: device removed
[    12.145] (**) Option "config_info" "udev:/sys/devices/LNXSYSTM:00/LNXSYBUS:00/PNP0A03:00/LNXVIDEO:00/input/input4/event3"
[    12.145] (II) XINPUT: Adding extended input device "Video Bus" (type: KEYBOARD, id 8)
[    12.145] (**) Option "xkb_model" "pc105"
[    12.145] (**) Option "xkb_layout" "us"
[    12.147] (II) event3  - Video Bus: is tagged by udev as: Keyboard
[    12.147] (II) event3  - Video Bus: device is a keyboard
[    12.148] (II) config/udev: Adding input device VirtualBox mouse integration (/dev/input/event6)
[    12.148] (**) VirtualBox mouse integration: Applying InputClass "libinput pointer catchall"
[    12.148] (II) Using input driver 'libinput' for 'VirtualBox mouse integration'
[    12.150] (II) systemd-logind: got fd for /dev/input/event6 13:70 fd 25 paused 0
[    12.150] (**) VirtualBox mouse integration: always reports core events
[    12.150] (**) Option "Device" "/dev/input/event6"
[    12.150] (**) Option "_source" "server/udev"
[    12.152] (II) event6  - VirtualBox mouse integration: is tagged by udev as: Mouse
[    12.152] (II) event6  - VirtualBox mouse integration: device is a pointer
[    12.153] (II) event6  - VirtualBox mouse integration: device removed
[    12.154] (**) Option "config_info" "udev:/sys/devices/pci0000:00/0000:00:04.0/input/input7/event6"
[    12.154] (II) XINPUT: Adding extended input device "VirtualBox mouse integration" (type: MOUSE, id 9)
[    12.154] (**) Option "AccelerationScheme" "none"
[    12.154] (**) VirtualBox mouse integration: (accel) selected scheme none/0
[    12.154] (**) VirtualBox mouse integration: (accel) acceleration factor: 2.000
[    12.154] (**) VirtualBox mouse integration: (accel) acceleration threshold: 4
[    12.155] (II) event6  - VirtualBox mouse integration: is tagged by udev as: Mouse
[    12.155] (II) event6  - VirtualBox mouse integration: device is a pointer
[    12.156] (II) config/udev: Adding input device VirtualBox mouse integration (/dev/input/js1)
[    12.156] (II) No input driver specified, ignoring this device.
[    12.156] (II) This device may have been added with another device file.
[    12.165] (II) config/udev: Adding input device VirtualBox USB Tablet (/dev/input/event5)
[    12.165] (**) VirtualBox USB Tablet: Applying InputClass "libinput pointer catchall"
[    12.165] (II) Using input driver 'libinput' for 'VirtualBox USB Tablet'
[    12.226] (II) systemd-logind: got fd for /dev/input/event5 13:69 fd 26 paused 0
[    12.226] (**) VirtualBox USB Tablet: always reports core events
[    12.226] (**) Option "Device" "/dev/input/event5"
[    12.226] (**) Option "_source" "server/udev"
[    12.226] (II) event5  - VirtualBox USB Tablet: is tagged by udev as: Mouse
[    12.227] (II) event5  - VirtualBox USB Tablet: device is a pointer
[    12.227] (II) event5  - VirtualBox USB Tablet: device removed
[    12.227] (**) Option "config_info" "udev:/sys/devices/pci0000:00/0000:00:06.0/usb1/1-1/1-1:1.0/0003:80EE:0021.0001/input/input6/event5"
[    12.227] (II) XINPUT: Adding extended input device "VirtualBox USB Tablet" (type: MOUSE, id 10)
[    12.227] (**) Option "AccelerationScheme" "none"
[    12.227] (**) VirtualBox USB Tablet: (accel) selected scheme none/0
[    12.227] (**) VirtualBox USB Tablet: (accel) acceleration factor: 2.000
[    12.227] (**) VirtualBox USB Tablet: (accel) acceleration threshold: 4
[    12.234] (II) event5  - VirtualBox USB Tablet: is tagged by udev as: Mouse
[    12.234] (II) event5  - VirtualBox USB Tablet: device is a pointer
[    12.238] (II) config/udev: Adding input device VirtualBox USB Tablet (/dev/input/js0)
[    12.239] (II) No input driver specified, ignoring this device.
[    12.239] (II) This device may have been added with another device file.
[    12.242] (II) config/udev: Adding input device VirtualBox USB Tablet (/dev/input/mouse1)
[    12.242] (II) No input driver specified, ignoring this device.
[    12.243] (II) This device may have been added with another device file.
[    12.243] (II) config/udev: Adding input device AT Translated Set 2 keyboard (/dev/input/event2)
[    12.243] (**) AT Translated Set 2 keyboard: Applying InputClass "libinput keyboard catchall"
[    12.243] (II) Using input driver 'libinput' for 'AT Translated Set 2 keyboard'
[    12.246] (II) systemd-logind: got fd for /dev/input/event2 13:66 fd 27 paused 0
[    12.246] (**) AT Translated Set 2 keyboard: always reports core events
[    12.246] (**) Option "Device" "/dev/input/event2"
[    12.246] (**) Option "_source" "server/udev"
[    12.248] (II) event2  - AT Translated Set 2 keyboard: is tagged by udev as: Keyboard
[    12.248] (II) event2  - AT Translated Set 2 keyboard: device is a keyboard
[    12.249] (II) event2  - AT Translated Set 2 keyboard: device removed
[    12.249] (**) Option "config_info" "udev:/sys/devices/platform/i8042/serio0/input/input2/event2"
[    12.249] (II) XINPUT: Adding extended input device "AT Translated Set 2 keyboard" (type: KEYBOARD, id 11)
[    12.249] (**) Option "xkb_model" "pc105"
[    12.249] (**) Option "xkb_layout" "us"
[    12.254] (II) event2  - AT Translated Set 2 keyboard: is tagged by udev as: Keyboard
[    12.256] (II) event2  - AT Translated Set 2 keyboard: device is a keyboard
[    12.258] (II) config/udev: Adding input device ImExPS/2 Generic Explorer Mouse (/dev/input/event4)
[    12.258] (**) ImExPS/2 Generic Explorer Mouse: Applying InputClass "libinput pointer catchall"
[    12.258] (II) Using input driver 'libinput' for 'ImExPS/2 Generic Explorer Mouse'
[    12.264] (II) systemd-logind: got fd for /dev/input/event4 13:68 fd 28 paused 0
[    12.268] (**) ImExPS/2 Generic Explorer Mouse: always reports core events
[    12.268] (**) Option "Device" "/dev/input/event4"
[    12.268] (**) Option "_source" "server/udev"
[    12.270] (II) event4  - ImExPS/2 Generic Explorer Mouse: is tagged by udev as: Mouse
[    12.270] (II) event4  - ImExPS/2 Generic Explorer Mouse: device is a pointer
[    12.271] (II) event4  - ImExPS/2 Generic Explorer Mouse: device removed
[    12.271] (**) Option "config_info" "udev:/sys/devices/platform/i8042/serio1/input/input5/event4"
[    12.271] (II) XINPUT: Adding extended input device "ImExPS/2 Generic Explorer Mouse" (type: MOUSE, id 12)
[    12.271] (**) Option "AccelerationScheme" "none"
[    12.271] (**) ImExPS/2 Generic Explorer Mouse: (accel) selected scheme none/0
[    12.271] (**) ImExPS/2 Generic Explorer Mouse: (accel) acceleration factor: 2.000
[    12.271] (**) ImExPS/2 Generic Explorer Mouse: (accel) acceleration threshold: 4
[    12.274] (II) event4  - ImExPS/2 Generic Explorer Mouse: is tagged by udev as: Mouse
[    12.274] (II) event4  - ImExPS/2 Generic Explorer Mouse: device is a pointer
[    12.274] (II) config/udev: Adding input device ImExPS/2 Generic Explorer Mouse (/dev/input/mouse0)
[    12.276] (II) No input driver specified, ignoring this device.
[    12.276] (II) This device may have been added with another device file.
[    14.575] (EE) No surface to present from.
[   340.811] (II) event4  - ImExPS/2 Generic Explorer Mouse: Enabling spurious button debouncing, see https://wayland.freedesktop.org/libinput/doc/1.15.5/button-debouncing.html for details
[  2571.698] (II) config/udev: removing device VirtualBox USB Tablet
[  2571.698] (**) Option "fd" "26"
[  2571.698] (II) event5  - VirtualBox USB Tablet: device removed
[  2571.699] (II) UnloadModule: "libinput"
[  2571.699] (II) systemd-logind: releasing fd for 13:69
[  2572.882] (II) config/udev: Adding input device VirtualBox USB Tablet (/dev/input/js0)
[  2572.882] (II) No input driver specified, ignoring this device.
[  2572.882] (II) This device may have been added with another device file.
[  2572.889] (II) config/udev: Adding input device VirtualBox USB Tablet (/dev/input/mouse1)
[  2572.889] (II) No input driver specified, ignoring this device.
[  2572.889] (II) This device may have been added with another device file.
[  2572.941] (II) config/udev: Adding input device VirtualBox USB Tablet (/dev/input/event5)
[  2572.941] (**) VirtualBox USB Tablet: Applying InputClass "libinput pointer catchall"
[  2572.941] (II) Using input driver 'libinput' for 'VirtualBox USB Tablet'
[  2573.002] (II) systemd-logind: got fd for /dev/input/event5 13:69 fd 42 paused 0
[  2573.002] (**) VirtualBox USB Tablet: always reports core events
[  2573.002] (**) Option "Device" "/dev/input/event5"
[  2573.002] (**) Option "_source" "server/udev"
[  2573.003] (II) event5  - VirtualBox USB Tablet: is tagged by udev as: Mouse
[  2573.003] (II) event5  - VirtualBox USB Tablet: device is a pointer
[  2573.003] (II) event5  - VirtualBox USB Tablet: device removed
[  2573.003] (**) Option "config_info" "udev:/sys/devices/pci0000:00/0000:00:06.0/usb1/1-1/1-1:1.0/0003:80EE:0021.0002/input/input8/event5"
[  2573.003] (II) XINPUT: Adding extended input device "VirtualBox USB Tablet" (type: MOUSE, id 10)
[  2573.020] (**) Option "AccelerationScheme" "none"
[  2573.023] (**) VirtualBox USB Tablet: (accel) selected scheme none/0
[  2573.023] (**) VirtualBox USB Tablet: (accel) acceleration factor: 2.000
[  2573.023] (**) VirtualBox USB Tablet: (accel) acceleration threshold: 4
[  2573.028] (II) event5  - VirtualBox USB Tablet: is tagged by udev as: Mouse
[  2573.028] (II) event5  - VirtualBox USB Tablet: device is a pointer
[  2652.077] (II) config/udev: removing device VirtualBox USB Tablet
[  2652.077] (**) Option "fd" "42"
[  2652.077] (II) event5  - VirtualBox USB Tablet: device removed
[  2652.078] (II) UnloadModule: "libinput"
[  2652.078] (II) systemd-logind: releasing fd for 13:69
[  2653.222] (II) config/udev: Adding input device VirtualBox USB Tablet (/dev/input/js0)
[  2653.222] (II) No input driver specified, ignoring this device.
[  2653.222] (II) This device may have been added with another device file.
[  2653.227] (II) config/udev: Adding input device VirtualBox USB Tablet (/dev/input/mouse1)
[  2653.227] (II) No input driver specified, ignoring this device.
[  2653.227] (II) This device may have been added with another device file.
[  2653.310] (II) config/udev: Adding input device VirtualBox USB Tablet (/dev/input/event5)
[  2653.310] (**) VirtualBox USB Tablet: Applying InputClass "libinput pointer catchall"
[  2653.310] (II) Using input driver 'libinput' for 'VirtualBox USB Tablet'
[  2653.373] (II) systemd-logind: got fd for /dev/input/event5 13:69 fd 54 paused 0
[  2653.373] (**) VirtualBox USB Tablet: always reports core events
[  2653.373] (**) Option "Device" "/dev/input/event5"
[  2653.373] (**) Option "_source" "server/udev"
[  2653.375] (II) event5  - VirtualBox USB Tablet: is tagged by udev as: Mouse
[  2653.375] (II) event5  - VirtualBox USB Tablet: device is a pointer
[  2653.376] (II) event5  - VirtualBox USB Tablet: device removed
[  2653.376] (**) Option "config_info" "udev:/sys/devices/pci0000:00/0000:00:06.0/usb1/1-1/1-1:1.0/0003:80EE:0021.0003/input/input9/event5"
[  2653.376] (II) XINPUT: Adding extended input device "VirtualBox USB Tablet" (type: MOUSE, id 10)
[  2653.390] (**) Option "AccelerationScheme" "none"
[  2653.393] (**) VirtualBox USB Tablet: (accel) selected scheme none/0
[  2653.394] (**) VirtualBox USB Tablet: (accel) acceleration factor: 2.000
[  2653.394] (**) VirtualBox USB Tablet: (accel) acceleration threshold: 4
[  2653.397] (II) event5  - VirtualBox USB Tablet: is tagged by udev as: Mouse
[  2653.399] (II) event5  - VirtualBox USB Tablet: device is a pointer
[  4621.497] (II) config/udev: removing device VirtualBox USB Tablet
[  4621.497] (**) Option "fd" "54"
[  4621.497] (II) event5  - VirtualBox USB Tablet: device removed
[  4621.497] (II) UnloadModule: "libinput"
[  4621.497] (II) systemd-logind: releasing fd for 13:69
[  4622.643] (II) config/udev: Adding input device VirtualBox USB Tablet (/dev/input/js0)
[  4622.643] (II) No input driver specified, ignoring this device.
[  4622.643] (II) This device may have been added with another device file.
[  4622.649] (II) config/udev: Adding input device VirtualBox USB Tablet (/dev/input/mouse1)
[  4622.649] (II) No input driver specified, ignoring this device.
[  4622.649] (II) This device may have been added with another device file.
[  4622.747] (II) config/udev: Adding input device VirtualBox USB Tablet (/dev/input/event5)
[  4622.748] (**) VirtualBox USB Tablet: Applying InputClass "libinput pointer catchall"
[  4622.748] (II) Using input driver 'libinput' for 'VirtualBox USB Tablet'
[  4622.805] (II) systemd-logind: got fd for /dev/input/event5 13:69 fd 55 paused 0
[  4622.805] (**) VirtualBox USB Tablet: always reports core events
[  4622.805] (**) Option "Device" "/dev/input/event5"
[  4622.805] (**) Option "_source" "server/udev"
[  4622.806] (II) event5  - VirtualBox USB Tablet: is tagged by udev as: Mouse
[  4622.806] (II) event5  - VirtualBox USB Tablet: device is a pointer
[  4622.806] (II) event5  - VirtualBox USB Tablet: device removed
[  4622.806] (**) Option "config_info" "udev:/sys/devices/pci0000:00/0000:00:06.0/usb1/1-1/1-1:1.0/0003:80EE:0021.0004/input/input10/event5"
[  4622.806] (II) XINPUT: Adding extended input device "VirtualBox USB Tablet" (type: MOUSE, id 10)
[  4622.818] (**) Option "AccelerationScheme" "none"
[  4622.819] (**) VirtualBox USB Tablet: (accel) selected scheme none/0
[  4622.819] (**) VirtualBox USB Tablet: (accel) acceleration factor: 2.000
[  4622.819] (**) VirtualBox USB Tablet: (accel) acceleration threshold: 4
[  4622.822] (II) event5  - VirtualBox USB Tablet: is tagged by udev as: Mouse
[  4622.823] (II) event5  - VirtualBox USB Tablet: device is a pointer
[  5627.974] (II) config/udev: removing device VirtualBox USB Tablet
[  5627.974] (**) Option "fd" "55"
[  5627.974] (II) event5  - VirtualBox USB Tablet: device removed
[  5627.976] (II) UnloadModule: "libinput"
[  5627.976] (II) systemd-logind: releasing fd for 13:69
[  5629.499] (II) config/udev: Adding input device VirtualBox USB Tablet (/dev/input/mouse1)
[  5629.499] (II) No input driver specified, ignoring this device.
[  5629.500] (II) This device may have been added with another device file.
[  5629.504] (II) config/udev: Adding input device VirtualBox USB Tablet (/dev/input/js0)
[  5629.504] (II) No input driver specified, ignoring this device.
[  5629.504] (II) This device may have been added with another device file.
[  5629.593] (II) config/udev: Adding input device VirtualBox USB Tablet (/dev/input/event5)
[  5629.593] (**) VirtualBox USB Tablet: Applying InputClass "libinput pointer catchall"
[  5629.593] (II) Using input driver 'libinput' for 'VirtualBox USB Tablet'
[  5629.655] (II) systemd-logind: got fd for /dev/input/event5 13:69 fd 40 paused 0
[  5629.655] (**) VirtualBox USB Tablet: always reports core events
[  5629.655] (**) Option "Device" "/dev/input/event5"
[  5629.655] (**) Option "_source" "server/udev"
[  5629.676] (II) event5  - VirtualBox USB Tablet: is tagged by udev as: Mouse
[  5629.678] (II) event5  - VirtualBox USB Tablet: device is a pointer
[  5629.679] (II) event5  - VirtualBox USB Tablet: device removed
[  5629.679] (**) Option "config_info" "udev:/sys/devices/pci0000:00/0000:00:06.0/usb1/1-1/1-1:1.0/0003:80EE:0021.0005/input/input11/event5"
[  5629.679] (II) XINPUT: Adding extended input device "VirtualBox USB Tablet" (type: MOUSE, id 10)
[  5629.689] (**) Option "AccelerationScheme" "none"
[  5629.694] (**) VirtualBox USB Tablet: (accel) selected scheme none/0
[  5629.694] (**) VirtualBox USB Tablet: (accel) acceleration factor: 2.000
[  5629.694] (**) VirtualBox USB Tablet: (accel) acceleration threshold: 4
[  5629.702] (II) event5  - VirtualBox USB Tablet: is tagged by udev as: Mouse
[  5629.704] (II) event5  - VirtualBox USB Tablet: device is a pointer
[  7132.675] (II) config/udev: removing device VirtualBox USB Tablet
[  7132.675] (**) Option "fd" "40"
[  7132.675] (II) event5  - VirtualBox USB Tablet: device removed
[  7132.695] (II) UnloadModule: "libinput"
[  7132.696] (II) systemd-logind: releasing fd for 13:69
[  7132.696] (EE) systemd-logind: failed to release device: Device not taken
[  7133.691] (II) config/udev: Adding input device VirtualBox USB Tablet (/dev/input/js0)
[  7133.691] (II) No input driver specified, ignoring this device.
[  7133.691] (II) This device may have been added with another device file.
[  7133.697] (II) config/udev: Adding input device VirtualBox USB Tablet (/dev/input/mouse1)
[  7133.697] (II) No input driver specified, ignoring this device.
[  7133.697] (II) This device may have been added with another device file.
[  7133.793] (II) config/udev: Adding input device VirtualBox USB Tablet (/dev/input/event5)
[  7133.793] (**) VirtualBox USB Tablet: Applying InputClass "libinput pointer catchall"
[  7133.793] (II) Using input driver 'libinput' for 'VirtualBox USB Tablet'
[  7133.854] (II) systemd-logind: got fd for /dev/input/event5 13:69 fd 40 paused 0
[  7133.854] (**) VirtualBox USB Tablet: always reports core events
[  7133.854] (**) Option "Device" "/dev/input/event5"
[  7133.854] (**) Option "_source" "server/udev"
[  7133.855] (II) event5  - VirtualBox USB Tablet: is tagged by udev as: Mouse
[  7133.855] (II) event5  - VirtualBox USB Tablet: device is a pointer
[  7133.855] (II) event5  - VirtualBox USB Tablet: device removed
[  7133.855] (**) Option "config_info" "udev:/sys/devices/pci0000:00/0000:00:06.0/usb1/1-1/1-1:1.0/0003:80EE:0021.0006/input/input12/event5"
[  7133.855] (II) XINPUT: Adding extended input device "VirtualBox USB Tablet" (type: MOUSE, id 10)
[  7133.866] (**) Option "AccelerationScheme" "none"
[  7133.868] (**) VirtualBox USB Tablet: (accel) selected scheme none/0
[  7133.868] (**) VirtualBox USB Tablet: (accel) acceleration factor: 2.000
[  7133.868] (**) VirtualBox USB Tablet: (accel) acceleration threshold: 4
[  7133.871] (II) event5  - VirtualBox USB Tablet: is tagged by udev as: Mouse
[  7133.872] (II) event5  - VirtualBox USB Tablet: device is a pointer
[ 14523.758] (II) config/udev: removing device VirtualBox USB Tablet
[ 14523.758] (**) Option "fd" "40"
[ 14523.758] (II) event5  - VirtualBox USB Tablet: device removed
[ 14523.759] (II) UnloadModule: "libinput"
[ 14523.759] (II) systemd-logind: releasing fd for 13:69
[ 14524.762] (II) config/udev: Adding input device VirtualBox USB Tablet (/dev/input/js0)
[ 14524.762] (II) No input driver specified, ignoring this device.
[ 14524.762] (II) This device may have been added with another device file.
[ 14524.766] (II) config/udev: Adding input device VirtualBox USB Tablet (/dev/input/mouse1)
[ 14524.766] (II) No input driver specified, ignoring this device.
[ 14524.766] (II) This device may have been added with another device file.
[ 14524.869] (II) config/udev: Adding input device VirtualBox USB Tablet (/dev/input/event5)
[ 14524.869] (**) VirtualBox USB Tablet: Applying InputClass "libinput pointer catchall"
[ 14524.869] (II) Using input driver 'libinput' for 'VirtualBox USB Tablet'
[ 14524.930] (II) systemd-logind: got fd for /dev/input/event5 13:69 fd 55 paused 0
[ 14524.930] (**) VirtualBox USB Tablet: always reports core events
[ 14524.930] (**) Option "Device" "/dev/input/event5"
[ 14524.930] (**) Option "_source" "server/udev"
[ 14524.931] (II) event5  - VirtualBox USB Tablet: is tagged by udev as: Mouse
[ 14524.931] (II) event5  - VirtualBox USB Tablet: device is a pointer
[ 14524.931] (II) event5  - VirtualBox USB Tablet: device removed
[ 14524.931] (**) Option "config_info" "udev:/sys/devices/pci0000:00/0000:00:06.0/usb1/1-1/1-1:1.0/0003:80EE:0021.0007/input/input13/event5"
[ 14524.931] (II) XINPUT: Adding extended input device "VirtualBox USB Tablet" (type: MOUSE, id 10)
[ 14524.944] (**) Option "AccelerationScheme" "none"
[ 14524.947] (**) VirtualBox USB Tablet: (accel) selected scheme none/0
[ 14524.947] (**) VirtualBox USB Tablet: (accel) acceleration factor: 2.000
[ 14524.947] (**) VirtualBox USB Tablet: (accel) acceleration threshold: 4
[ 14524.950] (II) event5  - VirtualBox USB Tablet: is tagged by udev as: Mouse
[ 14524.953] (II) event5  - VirtualBox USB Tablet: device is a pointer
[ 15671.498] (II) config/udev: removing device VirtualBox USB Tablet
[ 15671.498] (**) Option "fd" "55"
[ 15671.498] (II) event5  - VirtualBox USB Tablet: device removed
[ 15671.499] (II) UnloadModule: "libinput"
[ 15671.499] (II) systemd-logind: releasing fd for 13:69
[ 15672.612] (II) config/udev: Adding input device VirtualBox USB Tablet (/dev/input/js0)
[ 15672.612] (II) No input driver specified, ignoring this device.
[ 15672.612] (II) This device may have been added with another device file.
[ 15672.621] (II) config/udev: Adding input device VirtualBox USB Tablet (/dev/input/mouse1)
[ 15672.621] (II) No input driver specified, ignoring this device.
[ 15672.621] (II) This device may have been added with another device file.
[ 15672.727] (II) config/udev: Adding input device VirtualBox USB Tablet (/dev/input/event5)
[ 15672.728] (**) VirtualBox USB Tablet: Applying InputClass "libinput pointer catchall"
[ 15672.728] (II) Using input driver 'libinput' for 'VirtualBox USB Tablet'
[ 15672.791] (II) systemd-logind: got fd for /dev/input/event5 13:69 fd 54 paused 0
[ 15672.791] (**) VirtualBox USB Tablet: always reports core events
[ 15672.791] (**) Option "Device" "/dev/input/event5"
[ 15672.791] (**) Option "_source" "server/udev"
[ 15672.815] (II) event5  - VirtualBox USB Tablet: is tagged by udev as: Mouse
[ 15672.816] (II) event5  - VirtualBox USB Tablet: device is a pointer
[ 15672.817] (II) event5  - VirtualBox USB Tablet: device removed
[ 15672.817] (**) Option "config_info" "udev:/sys/devices/pci0000:00/0000:00:06.0/usb1/1-1/1-1:1.0/0003:80EE:0021.0008/input/input14/event5"
[ 15672.817] (II) XINPUT: Adding extended input device "VirtualBox USB Tablet" (type: MOUSE, id 10)
[ 15672.829] (**) Option "AccelerationScheme" "none"
[ 15672.840] (**) VirtualBox USB Tablet: (accel) selected scheme none/0
[ 15672.840] (**) VirtualBox USB Tablet: (accel) acceleration factor: 2.000
[ 15672.840] (**) VirtualBox USB Tablet: (accel) acceleration threshold: 4
[ 15672.848] (II) event5  - VirtualBox USB Tablet: is tagged by udev as: Mouse
[ 15672.850] (II) event5  - VirtualBox USB Tablet: device is a pointer
